<?xml version="1.0" encoding="UTF-8"?>
<!-- Generated by org.testng.reporters.JUnitReportReporter -->
<testsuite hostname="DESKTOP-377NK29" failures="0" tests="1" name="com.freecrm.testcases.LoginPageTest" time="21.897" errors="0" timestamp="2019-09-14T17:00:29 EAT" skipped="0">
  <testcase classname="com.freecrm.testcases.LoginPageTest" name="loginPageTitleTest" time="21.897"/>
</testsuite> <!-- com.freecrm.testcases.LoginPageTest -->
